c:\users\c.fangqi\desktop\cs398miniproject\build\x64\release\intermediate\checkers.pch
c:\users\c.fangqi\desktop\cs398miniproject\build\x64\release\intermediate\vc140.pdb
c:\users\c.fangqi\desktop\cs398miniproject\build\x64\release\intermediate\bitboard.obj
c:\users\c.fangqi\desktop\cs398miniproject\build\x64\release\intermediate\bitboard_templates.obj
c:\users\c.fangqi\desktop\cs398miniproject\build\x64\release\intermediate\bitwise_helpers.obj
c:\users\c.fangqi\desktop\cs398miniproject\build\x64\release\intermediate\main.obj
c:\users\c.fangqi\desktop\cs398miniproject\build\x64\release\intermediate\minimax.obj
c:\users\c.fangqi\desktop\cs398miniproject\build\x64\release\intermediate\gpubitboard.cu.cache
c:\users\c.fangqi\desktop\cs398miniproject\build\x64\release\intermediate\gpubitwise_helpers.cu.cache
c:\users\c.fangqi\desktop\cs398miniproject\build\x64\release\intermediate\gpuminimax.cu.cache
c:\users\c.fangqi\desktop\cs398miniproject\build\x64\release\intermediate\gpuminimax_black.cu.cache
c:\users\c.fangqi\desktop\cs398miniproject\build\x64\release\intermediate\gpuminimax_helpers.cu.cache
c:\users\c.fangqi\desktop\cs398miniproject\build\x64\release\intermediate\gpuminimax_master.cu.cache
c:\users\c.fangqi\desktop\cs398miniproject\build\x64\release\intermediate\gpuminimax_next.cu.cache
c:\users\c.fangqi\desktop\cs398miniproject\build\x64\release\intermediate\gpuminimax_white.cu.cache
c:\users\c.fangqi\desktop\cs398miniproject\build\x64\release\intermediate\gpubitboard.cu.obj
c:\users\c.fangqi\desktop\cs398miniproject\build\x64\release\intermediate\gpubitwise_helpers.cu.obj
c:\users\c.fangqi\desktop\cs398miniproject\build\x64\release\intermediate\gpuminimax.cu.obj
c:\users\c.fangqi\desktop\cs398miniproject\build\x64\release\intermediate\gpuminimax_black.cu.obj
c:\users\c.fangqi\desktop\cs398miniproject\build\x64\release\intermediate\gpuminimax_helpers.cu.obj
c:\users\c.fangqi\desktop\cs398miniproject\build\x64\release\intermediate\gpuminimax_master.cu.obj
c:\users\c.fangqi\desktop\cs398miniproject\build\x64\release\intermediate\gpuminimax_next.cu.obj
c:\users\c.fangqi\desktop\cs398miniproject\build\x64\release\intermediate\gpuminimax_white.cu.obj
c:\users\c.fangqi\desktop\cs398miniproject\build\x64\release\intermediate\checkers.tlog\cl.command.1.tlog
c:\users\c.fangqi\desktop\cs398miniproject\build\x64\release\intermediate\checkers.tlog\cl.read.1.tlog
c:\users\c.fangqi\desktop\cs398miniproject\build\x64\release\intermediate\checkers.tlog\cl.write.1.tlog
c:\users\c.fangqi\desktop\cs398miniproject\build\x64\release\intermediate\checkers.tlog\link.command.1.tlog
c:\users\c.fangqi\desktop\cs398miniproject\build\x64\release\intermediate\checkers.tlog\link.read.1.tlog
c:\users\c.fangqi\desktop\cs398miniproject\build\x64\release\intermediate\checkers.tlog\link.write.1.tlog
