  main.cpp
  
  C:\Users\zhenging.yiu\Desktop\CS398MiniProject\project>"C:\Program Files\NVIDIA GPU Computing Toolkit\CUDA\v9.2\bin\nvcc.exe" -dlink -o C:\Users\zhenging.yiu\Desktop\CS398MiniProject\build\x64\Release\intermediate\checkers.device-link.obj -Xcompiler "/EHsc /W3 /nologo /O2 /Zi  /MD " -L"C:\Program Files\NVIDIA GPU Computing Toolkit\CUDA\v9.2\lib\x64" cudadevrt.lib cudart_static.lib kernel32.lib user32.lib gdi32.lib winspool.lib comdlg32.lib advapi32.lib shell32.lib ole32.lib oleaut32.lib uuid.lib odbc32.lib odbccp32.lib  -gencode=arch=compute_35,code=sm_35  --machine 64 C:\Users\zhenging.yiu\Desktop\CS398MiniProject\build\x64\Release\intermediate\gpubitboard.cu.obj C:\Users\zhenging.yiu\Desktop\CS398MiniProject\build\x64\Release\intermediate\gpubitwise_helpers.cu.obj C:\Users\zhenging.yiu\Desktop\CS398MiniProject\build\x64\Release\intermediate\gpuminimax.cu.obj C:\Users\zhenging.yiu\Desktop\CS398MiniProject\build\x64\Release\intermediate\gpuminimax_host_black.cu.obj C:\Users\zhenging.yiu\Desktop\CS398MiniProject\build\x64\Release\intermediate\gpuminimax_host_white.cu.obj C:\Users\zhenging.yiu\Desktop\CS398MiniProject\build\x64\Release\intermediate\gpuminimax_white.cu.obj C:\Users\zhenging.yiu\Desktop\CS398MiniProject\build\x64\Release\intermediate\gpuminimax_black.cu.obj C:\Users\zhenging.yiu\Desktop\CS398MiniProject\build\x64\Release\intermediate\gpuminimax_helpers.cu.obj C:\Users\zhenging.yiu\Desktop\CS398MiniProject\build\x64\Release\intermediate\gpuminimax_master.cu.obj C:\Users\zhenging.yiu\Desktop\CS398MiniProject\build\x64\Release\intermediate\gpuminimax_next.cu.obj 
CUDALINK : nvlink warning : Stack size for entry function '_ZN8Checkers10GPUMinimax16white_max_kernelEPiNS_11GPUBitBoardEiiii' cannot be statically determined
CUDALINK : nvlink warning : Stack size for entry function '_ZN8Checkers10GPUMinimax16white_max_kernelEPiNS_11GPUBitBoardEiiii' cannot be statically determined
CUDALINK : nvlink warning : Stack size for entry function '_ZN8Checkers10GPUMinimax16white_min_kernelEPiNS_11GPUBitBoardEiiii' cannot be statically determined
CUDALINK : nvlink warning : Stack size for entry function '_ZN8Checkers10GPUMinimax16white_min_kernelEPiNS_11GPUBitBoardEiiii' cannot be statically determined
CUDALINK : nvlink warning : Stack size for entry function '_ZN8Checkers10GPUMinimax16black_max_kernelEPiNS_11GPUBitBoardEiiii' cannot be statically determined
CUDALINK : nvlink warning : Stack size for entry function '_ZN8Checkers10GPUMinimax16black_max_kernelEPiNS_11GPUBitBoardEiiii' cannot be statically determined
CUDALINK : nvlink warning : Stack size for entry function '_ZN8Checkers10GPUMinimax16black_min_kernelEPiNS_11GPUBitBoardEiiii' cannot be statically determined
CUDALINK : nvlink warning : Stack size for entry function '_ZN8Checkers10GPUMinimax16black_min_kernelEPiNS_11GPUBitBoardEiiii' cannot be statically determined
  cudadevrt.lib
  cudart_static.lib
  kernel32.lib
  user32.lib
  gdi32.lib
  winspool.lib
  comdlg32.lib
  advapi32.lib
  shell32.lib
  ole32.lib
  oleaut32.lib
  uuid.lib
  odbc32.lib
  odbccp32.lib
  gpubitboard.cu.obj
  gpubitwise_helpers.cu.obj
  gpuminimax.cu.obj
  gpuminimax_host_black.cu.obj
  gpuminimax_host_white.cu.obj
  gpuminimax_white.cu.obj
  gpuminimax_black.cu.obj
  gpuminimax_helpers.cu.obj
  gpuminimax_master.cu.obj
  gpuminimax_next.cu.obj
     Creating library C:\Users\zhenging.yiu\Desktop\CS398MiniProject\build\x64\Release\checkers.lib and object C:\Users\zhenging.yiu\Desktop\CS398MiniProject\build\x64\Release\checkers.exp
  Generating code
  All 291 functions were compiled because no usable IPDB/IOBJ from previous compilation was found.
  Finished generating code
  checkers.vcxproj -> C:\Users\zhenging.yiu\Desktop\CS398MiniProject\build\x64\Release\checkers.exe
  checkers.vcxproj -> C:\Users\zhenging.yiu\Desktop\CS398MiniProject\build\x64\Release\checkers.pdb (Full PDB)
