c:\users\zijian.ng\desktop\cs398miniproject-master\cs398miniproject\build\x64\debug\intermediate\checkers.pch
c:\users\zijian.ng\desktop\cs398miniproject-master\cs398miniproject\build\x64\debug\intermediate\vc140.pdb
c:\users\zijian.ng\desktop\cs398miniproject-master\cs398miniproject\build\x64\debug\intermediate\vc140.idb
c:\users\zijian.ng\desktop\cs398miniproject-master\cs398miniproject\build\x64\debug\intermediate\minimax.obj
c:\users\zijian.ng\desktop\cs398miniproject-master\cs398miniproject\build\x64\debug\intermediate\main.obj
c:\users\zijian.ng\desktop\cs398miniproject-master\cs398miniproject\build\x64\debug\intermediate\board.obj
c:\users\zijian.ng\desktop\cs398miniproject-master\cs398miniproject\build\x64\debug\intermediate\bitboard.obj
c:\users\zhenging.yiu\desktop\cs398miniproject\build\x64\debug\intermediate\checkers.pch
c:\users\zhenging.yiu\desktop\cs398miniproject\build\x64\debug\intermediate\vc140.pdb
c:\users\zhenging.yiu\desktop\cs398miniproject\build\x64\debug\intermediate\vc140.idb
c:\users\zhenging.yiu\desktop\cs398miniproject\build\x64\debug\intermediate\minimax.obj
c:\users\zhenging.yiu\desktop\cs398miniproject\build\x64\debug\intermediate\board.obj
c:\users\zhenging.yiu\desktop\cs398miniproject\build\x64\debug\intermediate\bitboard.obj
c:\users\zhenging.yiu\desktop\cs398miniproject\build\x64\debug\intermediate\main.obj
c:\users\zijian.ng\desktop\cs398miniproject-master\cs398miniproject\build\x64\debug\checkers.ilk
c:\users\zijian.ng\desktop\cs398miniproject-master\cs398miniproject\build\x64\debug\checkers.exe
c:\users\zijian.ng\desktop\cs398miniproject-master\cs398miniproject\build\x64\debug\checkers.pdb
c:\users\zhenging.yiu\desktop\cs398miniproject\build\x64\debug\checkers.pdb
c:\users\zhenging.yiu\desktop\cs398miniproject\build\x64\debug\checkers.exe
c:\users\zhenging.yiu\desktop\cs398miniproject\build\x64\debug\checkers.ilk
c:\users\zhenging.yiu\desktop\cs398miniproject\build\x64\debug\intermediate\checkers.tlog\cl.command.1.tlog
c:\users\zhenging.yiu\desktop\cs398miniproject\build\x64\debug\intermediate\checkers.tlog\cl.read.1.tlog
c:\users\zhenging.yiu\desktop\cs398miniproject\build\x64\debug\intermediate\checkers.tlog\cl.write.1.tlog
c:\users\zhenging.yiu\desktop\cs398miniproject\build\x64\debug\intermediate\checkers.tlog\link.command.1.tlog
c:\users\zhenging.yiu\desktop\cs398miniproject\build\x64\debug\intermediate\checkers.tlog\link.read.1.tlog
c:\users\zhenging.yiu\desktop\cs398miniproject\build\x64\debug\intermediate\checkers.tlog\link.write.1.tlog
